\BOOKMARK [1][-]{section.1}{3 Dimensional Space}{}% 1
\BOOKMARK [1][-]{section.2}{Vectors}{}% 2
\BOOKMARK [2][-]{subsection.2.1}{Properties of Vectors}{section.2}% 3
\BOOKMARK [2][-]{subsection.2.2}{The Dot/Scalar Product}{section.2}% 4
\BOOKMARK [2][-]{subsection.2.3}{The Cauchy-Schwarz Inequality, Triangle Inequality}{section.2}% 5
\BOOKMARK [2][-]{subsection.2.4}{Projections}{section.2}% 6
\BOOKMARK [2][-]{subsection.2.5}{Direction Cosines}{section.2}% 7
\BOOKMARK [2][-]{subsection.2.6}{The Cross/Vector Product}{section.2}% 8
\BOOKMARK [2][-]{subsection.2.7}{Volume of a Parallelogram}{section.2}% 9
\BOOKMARK [2][-]{subsection.2.8}{Volume of a Parallelepiped}{section.2}% 10
\BOOKMARK [1][-]{section.3}{Lines and Planes in Space}{}% 11
\BOOKMARK [2][-]{subsection.3.1}{Lines}{section.3}% 12
\BOOKMARK [2][-]{subsection.3.2}{Planes}{section.3}% 13
\BOOKMARK [1][-]{section.4}{Vector-Valued Functions}{}% 14
\BOOKMARK [2][-]{subsection.4.1}{Definitions}{section.4}% 15
\BOOKMARK [2][-]{subsection.4.2}{Continuity}{section.4}% 16
\BOOKMARK [2][-]{subsection.4.3}{Derivatives}{section.4}% 17
\BOOKMARK [2][-]{subsection.4.4}{Unit Tangent/Normal Vectors}{section.4}% 18
\BOOKMARK [2][-]{subsection.4.5}{Arc Length}{section.4}% 19
\BOOKMARK [2][-]{subsection.4.6}{Curvature}{section.4}% 20
\BOOKMARK [2][-]{subsection.4.7}{The Osculating Circle}{section.4}% 21
\BOOKMARK [2][-]{subsection.4.8}{Binormal Vector}{section.4}% 22
\BOOKMARK [2][-]{subsection.4.9}{Motion in Space}{section.4}% 23
\BOOKMARK [1][-]{section.5}{Multivariate Functions}{}% 24
\BOOKMARK [2][-]{subsection.5.1}{Function Notation}{section.5}% 25
\BOOKMARK [2][-]{subsection.5.2}{Level Curves}{section.5}% 26
\BOOKMARK [2][-]{subsection.5.3}{Limits of Multivariate Functions}{section.5}% 27
